
[--- LOAD/PREPARE DATA -> (train/eval/test) ---]

[--- INIT ---]
- Model has 197378 trainable parameters.

[--- TRAIN -> ./data/imdb.train.1.000.csv ---]
@001: 	loss(train)=0.3701 	loss(eval)=0.3039 	f1(train)=0.8393 	f1(eval)=0.8748 	duration(epoch)=0:14:20.282224
@002: 	loss(train)=0.3222 	loss(eval)=0.2895 	f1(train)=0.8628 	f1(eval)=0.8826 	duration(epoch)=0:13:47.665471
@003: 	loss(train)=0.3111 	loss(eval)=0.2929 	f1(train)=0.8669 	f1(eval)=0.8810 	duration(epoch)=0:14:20.348944
@004: 	loss(train)=0.3039 	loss(eval)=0.2774 	f1(train)=0.8701 	f1(eval)=0.8886 	duration(epoch)=0:14:20.433769
@005: 	loss(train)=0.2984 	loss(eval)=0.2777 	f1(train)=0.8736 	f1(eval)=0.8846 	duration(epoch)=0:14:14.316353
@006: 	loss(train)=0.2926 	loss(eval)=0.2682 	f1(train)=0.8750 	f1(eval)=0.8900 	duration(epoch)=0:14:23.576386
@007: 	loss(train)=0.2886 	loss(eval)=0.2698 	f1(train)=0.8781 	f1(eval)=0.8890 	duration(epoch)=0:14:23.664187
@008: 	loss(train)=0.2857 	loss(eval)=0.2683 	f1(train)=0.8795 	f1(eval)=0.8890 	duration(epoch)=0:14:23.491808
@009: 	loss(train)=0.2810 	loss(eval)=0.2642 	f1(train)=0.8817 	f1(eval)=0.8880 	duration(epoch)=0:14:22.778840
@010: 	loss(train)=0.2769 	loss(eval)=0.2554 	f1(train)=0.8837 	f1(eval)=0.8974 	duration(epoch)=0:14:18.609930
@011: 	loss(train)=0.2723 	loss(eval)=0.2684 	f1(train)=0.8846 	f1(eval)=0.8898 	duration(epoch)=0:14:21.529685
@012: 	loss(train)=0.2685 	loss(eval)=0.2639 	f1(train)=0.8875 	f1(eval)=0.8916 	duration(epoch)=0:14:23.327959
@013: 	loss(train)=0.2645 	loss(eval)=0.2460 	f1(train)=0.8879 	f1(eval)=0.9022 	duration(epoch)=0:14:25.047962
@014: 	loss(train)=0.2594 	loss(eval)=0.2499 	f1(train)=0.8936 	f1(eval)=0.8990 	duration(epoch)=0:14:21.557832
@015: 	loss(train)=0.2565 	loss(eval)=0.2397 	f1(train)=0.8932 	f1(eval)=0.9042 	duration(epoch)=0:14:15.999646
@016: 	loss(train)=0.2516 	loss(eval)=0.2371 	f1(train)=0.8952 	f1(eval)=0.9082 	duration(epoch)=0:13:46.708668
@017: 	loss(train)=0.2496 	loss(eval)=0.2318 	f1(train)=0.8958 	f1(eval)=0.9078 	duration(epoch)=0:14:24.683865
@018: 	loss(train)=0.2445 	loss(eval)=0.2362 	f1(train)=0.8986 	f1(eval)=0.9028 	duration(epoch)=0:14:21.102719
@019: 	loss(train)=0.2419 	loss(eval)=0.2229 	f1(train)=0.8993 	f1(eval)=0.9130 	duration(epoch)=0:14:22.016715
@020: 	loss(train)=0.2373 	loss(eval)=0.2203 	f1(train)=0.9033 	f1(eval)=0.9076 	duration(epoch)=0:14:18.666605
@021: 	loss(train)=0.2347 	loss(eval)=0.2168 	f1(train)=0.9044 	f1(eval)=0.9160 	duration(epoch)=0:14:23.635192
@022: 	loss(train)=0.2288 	loss(eval)=0.2180 	f1(train)=0.9056 	f1(eval)=0.9172 	duration(epoch)=0:14:16.677881
@023: 	loss(train)=0.2275 	loss(eval)=0.2092 	f1(train)=0.9078 	f1(eval)=0.9186 	duration(epoch)=0:14:22.248617
@024: 	loss(train)=0.2212 	loss(eval)=0.2096 	f1(train)=0.9093 	f1(eval)=0.9178 	duration(epoch)=0:14:23.374639
@025: 	loss(train)=0.2182 	loss(eval)=0.2059 	f1(train)=0.9091 	f1(eval)=0.9174 	duration(epoch)=0:14:21.644807
Load best model based on evaluation loss.
@023: 	loss(train)=0.2275 	loss(eval)=0.2092 	f1(train)=0.9078 	f1(eval)=0.9186 	duration(epoch)=0:14:22.248617

[--- EVAL -> ./data/imdb.eval.csv ---]
AVG           	 tp:     4593	 fp:      407 	 tn:     4593	 fn:      407	 prec=0.9186	 rec=0.9186	 f1=0.9186	 acc=0.9186
negative      	 tp:     2318	 fp:      210 	 tn:     2275	 fn:      197	 prec=0.9169	 rec=0.9217	 f1=0.9193	 acc=0.9186
positive      	 tp:     2275	 fp:      197 	 tn:     2318	 fn:      210	 prec=0.9203	 rec=0.9155	 f1=0.9179	 acc=0.9186
