
[--- LOAD/PREPARE DATA -> (train/eval/test) ---]

[--- INIT ---]
- Model has 197908 trainable parameters.

[--- TRAIN -> ./data/imdb.train.1.000.csv ---]
@001: 	loss(train)=0.3750 	loss(eval)=0.3156 	f1(train)=0.8416 	f1(eval)=0.8704 	duration(epoch)=0:22:26.274663
@002: 	loss(train)=0.3367 	loss(eval)=0.3151 	f1(train)=0.8598 	f1(eval)=0.8738 	duration(epoch)=0:22:34.598152
@003: 	loss(train)=0.3232 	loss(eval)=0.3172 	f1(train)=0.8646 	f1(eval)=0.8710 	duration(epoch)=0:22:30.340815
@004: 	loss(train)=0.3146 	loss(eval)=0.3140 	f1(train)=0.8706 	f1(eval)=0.8678 	duration(epoch)=0:22:32.334935
@005: 	loss(train)=0.3053 	loss(eval)=0.2842 	f1(train)=0.8733 	f1(eval)=0.8896 	duration(epoch)=0:22:34.262676
@006: 	loss(train)=0.3017 	loss(eval)=0.2892 	f1(train)=0.8769 	f1(eval)=0.8826 	duration(epoch)=0:22:27.687691
@007: 	loss(train)=0.2946 	loss(eval)=0.2825 	f1(train)=0.8783 	f1(eval)=0.8814 	duration(epoch)=0:22:26.704446
@008: 	loss(train)=0.2894 	loss(eval)=0.2847 	f1(train)=0.8827 	f1(eval)=0.8848 	duration(epoch)=0:22:28.846482
@009: 	loss(train)=0.2882 	loss(eval)=0.2828 	f1(train)=0.8843 	f1(eval)=0.8882 	duration(epoch)=0:22:28.159325
@010: 	loss(train)=0.2829 	loss(eval)=0.2756 	f1(train)=0.8869 	f1(eval)=0.8950 	duration(epoch)=0:22:26.812570
@011: 	loss(train)=0.2811 	loss(eval)=0.2617 	f1(train)=0.8887 	f1(eval)=0.8966 	duration(epoch)=0:22:27.703825
@012: 	loss(train)=0.2769 	loss(eval)=0.2561 	f1(train)=0.8891 	f1(eval)=0.8976 	duration(epoch)=0:22:10.288269
@013: 	loss(train)=0.2746 	loss(eval)=0.2473 	f1(train)=0.8910 	f1(eval)=0.9022 	duration(epoch)=0:14:48.214333
@014: 	loss(train)=0.2698 	loss(eval)=0.2553 	f1(train)=0.8927 	f1(eval)=0.9018 	duration(epoch)=0:09:41.392286
@015: 	loss(train)=0.2692 	loss(eval)=0.2550 	f1(train)=0.8957 	f1(eval)=0.9014 	duration(epoch)=0:09:42.706175
@016: 	loss(train)=0.2660 	loss(eval)=0.2538 	f1(train)=0.8980 	f1(eval)=0.9046 	duration(epoch)=0:09:40.079720
@017: 	loss(train)=0.2640 	loss(eval)=0.2491 	f1(train)=0.8994 	f1(eval)=0.9086 	duration(epoch)=0:09:43.812344
@018: 	loss(train)=0.2629 	loss(eval)=0.2631 	f1(train)=0.9019 	f1(eval)=0.9004 	duration(epoch)=0:09:40.444837
@019: 	loss(train)=0.2589 	loss(eval)=0.2545 	f1(train)=0.9047 	f1(eval)=0.9046 	duration(epoch)=0:09:40.495718
@020: 	loss(train)=0.2585 	loss(eval)=0.2458 	f1(train)=0.9032 	f1(eval)=0.9100 	duration(epoch)=0:09:40.062329
@021: 	loss(train)=0.2548 	loss(eval)=0.2482 	f1(train)=0.9055 	f1(eval)=0.9102 	duration(epoch)=0:09:44.197724
@022: 	loss(train)=0.2516 	loss(eval)=0.2461 	f1(train)=0.9065 	f1(eval)=0.9130 	duration(epoch)=0:09:40.432288
@023: 	loss(train)=0.2497 	loss(eval)=0.2607 	f1(train)=0.9093 	f1(eval)=0.9078 	duration(epoch)=0:09:36.812976
@024: 	loss(train)=0.2496 	loss(eval)=0.2280 	f1(train)=0.9107 	f1(eval)=0.9202 	duration(epoch)=0:09:37.480367
@025: 	loss(train)=0.2457 	loss(eval)=0.2528 	f1(train)=0.9124 	f1(eval)=0.9106 	duration(epoch)=0:09:40.764166
Load best model based on evaluation loss.
@024: 	loss(train)=0.2496 	loss(eval)=0.2280 	f1(train)=0.9107 	f1(eval)=0.9202 	duration(epoch)=0:09:37.480367

[--- EVAL -> ./data/imdb.eval.csv ---]
AVG           	 tp:     4601	 fp:      399 	 tn:     4601	 fn:      399	 pre=0.9202	 rec=0.9202	 f1=0.9202	 acc=0.9202
negative      	 tp:     2314	 fp:      236 	 tn:     2287	 fn:      163	 pre=0.9075	 rec=0.9342	 f1=0.9206	 acc=0.9202
positive      	 tp:     2287	 fp:      163 	 tn:     2314	 fn:      236	 pre=0.9335	 rec=0.9065	 f1=0.9198	 acc=0.9202
