
[--- LOAD/PREPARE DATA -> (train/eval/test) ---]

[--- INIT ---]
- Model has 197378 trainable parameters.

[--- TRAIN -> ./data/imdb.train.0.100.csv ---]
@001: 	loss(train)=0.5245 	loss(eval)=0.4083 	f1(train)=0.7610 	f1(eval)=0.8282 	duration(epoch)=0:01:40.861950
@002: 	loss(train)=0.3816 	loss(eval)=0.3628 	f1(train)=0.8393 	f1(eval)=0.8462 	duration(epoch)=0:01:41.048693
@003: 	loss(train)=0.3539 	loss(eval)=0.3489 	f1(train)=0.8498 	f1(eval)=0.8478 	duration(epoch)=0:01:41.055707
@004: 	loss(train)=0.3369 	loss(eval)=0.3430 	f1(train)=0.8578 	f1(eval)=0.8524 	duration(epoch)=0:01:40.956070
@005: 	loss(train)=0.3243 	loss(eval)=0.3377 	f1(train)=0.8615 	f1(eval)=0.8558 	duration(epoch)=0:01:40.891138
@006: 	loss(train)=0.3194 	loss(eval)=0.3347 	f1(train)=0.8628 	f1(eval)=0.8566 	duration(epoch)=0:01:40.767943
@007: 	loss(train)=0.3108 	loss(eval)=0.3331 	f1(train)=0.8602 	f1(eval)=0.8564 	duration(epoch)=0:01:41.077898
@008: 	loss(train)=0.3030 	loss(eval)=0.3316 	f1(train)=0.8675 	f1(eval)=0.8576 	duration(epoch)=0:01:40.903983
@009: 	loss(train)=0.2987 	loss(eval)=0.3449 	f1(train)=0.8695 	f1(eval)=0.8480 	duration(epoch)=0:01:40.902852
@010: 	loss(train)=0.2947 	loss(eval)=0.3320 	f1(train)=0.8765 	f1(eval)=0.8610 	duration(epoch)=0:01:40.974254
@011: 	loss(train)=0.2916 	loss(eval)=0.3284 	f1(train)=0.8750 	f1(eval)=0.8620 	duration(epoch)=0:01:40.963804
@012: 	loss(train)=0.2801 	loss(eval)=0.3435 	f1(train)=0.8815 	f1(eval)=0.8532 	duration(epoch)=0:01:40.859993
@013: 	loss(train)=0.2774 	loss(eval)=0.3530 	f1(train)=0.8845 	f1(eval)=0.8484 	duration(epoch)=0:01:40.805012
@014: 	loss(train)=0.2802 	loss(eval)=0.3644 	f1(train)=0.8782 	f1(eval)=0.8464 	duration(epoch)=0:01:41.052786
@015: 	loss(train)=0.2726 	loss(eval)=0.3379 	f1(train)=0.8868 	f1(eval)=0.8556 	duration(epoch)=0:01:41.027307
@016: 	loss(train)=0.2702 	loss(eval)=0.3305 	f1(train)=0.8858 	f1(eval)=0.8618 	duration(epoch)=0:01:41.027800
@017: 	loss(train)=0.2630 	loss(eval)=0.3299 	f1(train)=0.8882 	f1(eval)=0.8564 	duration(epoch)=0:01:41.089838
@018: 	loss(train)=0.2627 	loss(eval)=0.3564 	f1(train)=0.8888 	f1(eval)=0.8444 	duration(epoch)=0:01:40.988110
@019: 	loss(train)=0.2522 	loss(eval)=0.3297 	f1(train)=0.8925 	f1(eval)=0.8602 	duration(epoch)=0:01:41.032444
@020: 	loss(train)=0.2443 	loss(eval)=0.3299 	f1(train)=0.8962 	f1(eval)=0.8614 	duration(epoch)=0:01:40.881118
@021: 	loss(train)=0.2466 	loss(eval)=0.3384 	f1(train)=0.8978 	f1(eval)=0.8604 	duration(epoch)=0:01:40.817598
@022: 	loss(train)=0.2372 	loss(eval)=0.3402 	f1(train)=0.9022 	f1(eval)=0.8604 	duration(epoch)=0:01:41.016126
@023: 	loss(train)=0.2333 	loss(eval)=0.3355 	f1(train)=0.9048 	f1(eval)=0.8582 	duration(epoch)=0:01:41.178621
@024: 	loss(train)=0.2287 	loss(eval)=0.3398 	f1(train)=0.9093 	f1(eval)=0.8600 	duration(epoch)=0:03:30.200718
@025: 	loss(train)=0.2240 	loss(eval)=0.3338 	f1(train)=0.9107 	f1(eval)=0.8590 	duration(epoch)=0:03:47.242397
Load best model based on evaluation loss.
@011: 	loss(train)=0.2916 	loss(eval)=0.3284 	f1(train)=0.8750 	f1(eval)=0.8620 	duration(epoch)=0:01:40.963804

[--- EVAL -> ./data/imdb.eval.csv ---]
AVG           	 tp:     4310	 fp:      690 	 tn:     4310	 fn:      690	 pre=0.8620	 rec=0.8620	 f1=0.8620	 acc=0.8620
negative      	 tp:     2142	 fp:      355 	 tn:     2168	 fn:      335	 pre=0.8578	 rec=0.8648	 f1=0.8613	 acc=0.8620
positive      	 tp:     2168	 fp:      335 	 tn:     2142	 fn:      355	 pre=0.8662	 rec=0.8593	 f1=0.8627	 acc=0.8620
