
[--- LOAD/PREPARE DATA -> (train/eval/test) ---]

[--- INIT ---]
- Model has 197908 trainable parameters.

[--- TRAIN -> ./data/imdb.train.1.000.csv ---]
@001: 	loss(train)=0.3699 	loss(eval)=0.3033 	f1(train)=0.8442 	f1(eval)=0.8790 	duration(epoch)=0:16:22.170438
@002: 	loss(train)=0.3315 	loss(eval)=0.2917 	f1(train)=0.8633 	f1(eval)=0.8816 	duration(epoch)=0:16:27.673335
@003: 	loss(train)=0.3184 	loss(eval)=0.2969 	f1(train)=0.8672 	f1(eval)=0.8810 	duration(epoch)=0:16:20.796467
@004: 	loss(train)=0.3092 	loss(eval)=0.2867 	f1(train)=0.8712 	f1(eval)=0.8846 	duration(epoch)=0:16:19.730690
@005: 	loss(train)=0.3017 	loss(eval)=0.2666 	f1(train)=0.8757 	f1(eval)=0.8930 	duration(epoch)=0:16:20.029228
@006: 	loss(train)=0.2950 	loss(eval)=0.2579 	f1(train)=0.8773 	f1(eval)=0.8966 	duration(epoch)=0:16:23.421973
@007: 	loss(train)=0.2894 	loss(eval)=0.2499 	f1(train)=0.8812 	f1(eval)=0.8980 	duration(epoch)=0:16:22.164184
@008: 	loss(train)=0.2833 	loss(eval)=0.2820 	f1(train)=0.8848 	f1(eval)=0.8882 	duration(epoch)=0:15:50.112415
@009: 	loss(train)=0.2807 	loss(eval)=0.2544 	f1(train)=0.8870 	f1(eval)=0.8980 	duration(epoch)=0:16:13.350805
@010: 	loss(train)=0.2765 	loss(eval)=0.2446 	f1(train)=0.8889 	f1(eval)=0.9046 	duration(epoch)=0:16:18.881805
@011: 	loss(train)=0.2733 	loss(eval)=0.2444 	f1(train)=0.8900 	f1(eval)=0.9050 	duration(epoch)=0:16:21.043438
@012: 	loss(train)=0.2707 	loss(eval)=0.2430 	f1(train)=0.8924 	f1(eval)=0.9038 	duration(epoch)=0:16:19.090249
@013: 	loss(train)=0.2666 	loss(eval)=0.2375 	f1(train)=0.8950 	f1(eval)=0.9056 	duration(epoch)=0:16:23.423515
@014: 	loss(train)=0.2664 	loss(eval)=0.2497 	f1(train)=0.8966 	f1(eval)=0.9010 	duration(epoch)=0:16:19.217275
@015: 	loss(train)=0.2619 	loss(eval)=0.2877 	f1(train)=0.8979 	f1(eval)=0.8882 	duration(epoch)=0:16:16.994221
@016: 	loss(train)=0.2594 	loss(eval)=0.2271 	f1(train)=0.8996 	f1(eval)=0.9128 	duration(epoch)=0:16:23.108070
@017: 	loss(train)=0.2570 	loss(eval)=0.2240 	f1(train)=0.9024 	f1(eval)=0.9146 	duration(epoch)=0:16:18.613945
@018: 	loss(train)=0.2563 	loss(eval)=0.2211 	f1(train)=0.9026 	f1(eval)=0.9138 	duration(epoch)=0:15:48.100157
@019: 	loss(train)=0.2535 	loss(eval)=0.2313 	f1(train)=0.9034 	f1(eval)=0.9164 	duration(epoch)=0:16:13.118054
@020: 	loss(train)=0.2500 	loss(eval)=0.2300 	f1(train)=0.9056 	f1(eval)=0.9184 	duration(epoch)=0:16:14.404250
@021: 	loss(train)=0.2474 	loss(eval)=0.2207 	f1(train)=0.9085 	f1(eval)=0.9196 	duration(epoch)=0:16:14.334957
@022: 	loss(train)=0.2482 	loss(eval)=0.2136 	f1(train)=0.9096 	f1(eval)=0.9250 	duration(epoch)=0:16:10.407647
@023: 	loss(train)=0.2459 	loss(eval)=0.2087 	f1(train)=0.9103 	f1(eval)=0.9226 	duration(epoch)=0:16:20.549907
@024: 	loss(train)=0.2409 	loss(eval)=0.2226 	f1(train)=0.9128 	f1(eval)=0.9200 	duration(epoch)=0:16:16.522877
@025: 	loss(train)=0.2397 	loss(eval)=0.2120 	f1(train)=0.9135 	f1(eval)=0.9262 	duration(epoch)=0:16:12.838609
Load best model based on evaluation loss.
@025: 	loss(train)=0.2397 	loss(eval)=0.2120 	f1(train)=0.9135 	f1(eval)=0.9262 	duration(epoch)=0:16:12.838609

[--- EVAL -> ./data/imdb.eval.csv ---]
AVG           	 tp:     4631	 fp:      369 	 tn:     4631	 fn:      369	 prec=0.9262	 rec=0.9262	 f1=0.9262	 acc=0.9262
negative      	 tp:     2363	 fp:      217 	 tn:     2268	 fn:      152	 prec=0.9159	 rec=0.9396	 f1=0.9276	 acc=0.9262
positive      	 tp:     2268	 fp:      152 	 tn:     2363	 fn:      217	 prec=0.9372	 rec=0.9127	 f1=0.9248	 acc=0.9262
