
[--- INIT ---]
- Model has 197378 trainable parameters.

[--- TRAIN -> data/imdb.train.1.000.csv ---]
@001: 	loss(train)=0.3680 	loss(eval)=0.3068 	f1(train)=0.8378 	f1(eval)=0.8724 	duration(epoch)=0:13:58.232171
@002: 	loss(train)=0.3226 	loss(eval)=0.2909 	f1(train)=0.8610 	f1(eval)=0.8820 	duration(epoch)=0:14:01.998015
@003: 	loss(train)=0.3122 	loss(eval)=0.2857 	f1(train)=0.8671 	f1(eval)=0.8880 	duration(epoch)=0:14:04.678012
@004: 	loss(train)=0.3049 	loss(eval)=0.2801 	f1(train)=0.8687 	f1(eval)=0.8872 	duration(epoch)=0:14:28.411181
@005: 	loss(train)=0.2994 	loss(eval)=0.2749 	f1(train)=0.8721 	f1(eval)=0.8886 	duration(epoch)=0:14:23.748937
@006: 	loss(train)=0.2945 	loss(eval)=0.2694 	f1(train)=0.8745 	f1(eval)=0.8920 	duration(epoch)=0:13:51.457583
@007: 	loss(train)=0.2866 	loss(eval)=0.2634 	f1(train)=0.8776 	f1(eval)=0.8940 	duration(epoch)=0:14:00.048478
@008: 	loss(train)=0.2843 	loss(eval)=0.2587 	f1(train)=0.8797 	f1(eval)=0.8966 	duration(epoch)=0:14:01.466653
@009: 	loss(train)=0.2796 	loss(eval)=0.2759 	f1(train)=0.8828 	f1(eval)=0.8852 	duration(epoch)=0:14:01.272184
@010: 	loss(train)=0.2768 	loss(eval)=0.2535 	f1(train)=0.8832 	f1(eval)=0.8976 	duration(epoch)=0:13:59.878859
@011: 	loss(train)=0.2711 	loss(eval)=0.2509 	f1(train)=0.8867 	f1(eval)=0.8986 	duration(epoch)=0:14:02.949478
@012: 	loss(train)=0.2680 	loss(eval)=0.2458 	f1(train)=0.8878 	f1(eval)=0.9008 	duration(epoch)=0:13:56.561123
@013: 	loss(train)=0.2622 	loss(eval)=0.2442 	f1(train)=0.8917 	f1(eval)=0.9030 	duration(epoch)=0:13:58.654293
@014: 	loss(train)=0.2603 	loss(eval)=0.2369 	f1(train)=0.8908 	f1(eval)=0.9048 	duration(epoch)=0:13:34.455888
@015: 	loss(train)=0.2554 	loss(eval)=0.2371 	f1(train)=0.8946 	f1(eval)=0.9048 	duration(epoch)=0:14:22.500401
@016: 	loss(train)=0.2522 	loss(eval)=0.2413 	f1(train)=0.8963 	f1(eval)=0.9080 	duration(epoch)=0:14:24.635888
@017: 	loss(train)=0.2476 	loss(eval)=0.2315 	f1(train)=0.8965 	f1(eval)=0.9070 	duration(epoch)=0:14:26.283089
@018: 	loss(train)=0.2450 	loss(eval)=0.2308 	f1(train)=0.8975 	f1(eval)=0.9098 	duration(epoch)=0:14:21.675701
@019: 	loss(train)=0.2405 	loss(eval)=0.2240 	f1(train)=0.9005 	f1(eval)=0.9104 	duration(epoch)=0:14:21.688770
@020: 	loss(train)=0.2361 	loss(eval)=0.2205 	f1(train)=0.9027 	f1(eval)=0.9136 	duration(epoch)=0:14:21.141389
@021: 	loss(train)=0.2327 	loss(eval)=0.2234 	f1(train)=0.9045 	f1(eval)=0.9156 	duration(epoch)=0:13:46.242018
@022: 	loss(train)=0.2283 	loss(eval)=0.2200 	f1(train)=0.9079 	f1(eval)=0.9142 	duration(epoch)=0:14:18.844446
@023: 	loss(train)=0.2241 	loss(eval)=0.2090 	f1(train)=0.9073 	f1(eval)=0.9180 	duration(epoch)=0:14:21.297126
@024: 	loss(train)=0.2206 	loss(eval)=0.2213 	f1(train)=0.9105 	f1(eval)=0.9120 	duration(epoch)=0:14:09.795237
@025: 	loss(train)=0.2149 	loss(eval)=0.2134 	f1(train)=0.9137 	f1(eval)=0.9164 	duration(epoch)=0:14:18.211338
Load best model based on evaluation loss.
@023: 	loss(train)=0.2241 	loss(eval)=0.2090 	f1(train)=0.9073 	f1(eval)=0.9180 	duration(epoch)=0:14:21.297126

[--- EVAL -> data/imdb.eval.csv ---]
AVG           	 tp:     4590	 fp:      410 	 tn:     4590	 fn:      410	 prec=0.9180	 rec=0.9180	 f1=0.9180	 acc=0.9180
negative      	 tp:     2306	 fp:      201 	 tn:     2284	 fn:      209	 prec=0.9198	 rec=0.9169	 f1=0.9184	 acc=0.9180
positive      	 tp:     2284	 fp:      209 	 tn:     2306	 fn:      201	 prec=0.9162	 rec=0.9191	 f1=0.9176	 acc=0.9180
